<?xml version="1.0" encoding="UTF-8"?>
<!-- Generated by org.testng.reporters.JUnitReportReporter -->
<testsuite hostname="RISHIKESH" failures="0" tests="1" name="com.yahoo.TestCases.TestTwo" time="101.173" errors="0" timestamp="2022-06-14T23:56:35 IST" skipped="0">
  <testcase classname="com.yahoo.TestCases.TestTwo" name="testTwo" time="101.173"/>
  <system-out/>
</testsuite> <!-- com.yahoo.TestCases.TestTwo -->
